[debug] [2025-04-24T01:46:10.699Z] ----------------------------------------------------------------------
[debug] [2025-04-24T01:46:10.702Z] Command:       C:\Program Files\nodejs\node.exe C:\Users\Steve😎\AppData\Roaming\npm\node_modules\firebase-tools\lib\bin\firebase.js init
[debug] [2025-04-24T01:46:10.702Z] CLI Version:   14.2.1
[debug] [2025-04-24T01:46:10.702Z] Platform:      win32
[debug] [2025-04-24T01:46:10.703Z] Node Version:  v22.11.0
[debug] [2025-04-24T01:46:10.703Z] Time:          Thu Apr 24 2025 01:46:10 GMT+0000 (Greenwich Mean Time)
[debug] [2025-04-24T01:46:10.703Z] ----------------------------------------------------------------------
[debug] 
[debug] [2025-04-24T01:46:10.711Z] > command requires scopes: ["email","openid","https://www.googleapis.com/auth/cloudplatformprojects.readonly","https://www.googleapis.com/auth/firebase","https://www.googleapis.com/auth/cloud-platform"]
[debug] [2025-04-24T01:46:10.711Z] > authorizing via signed-in user (oforistep@gmail.com)
[info] 
     ######## #### ########  ######## ########     ###     ######  ########
     ##        ##  ##     ## ##       ##     ##  ##   ##  ##       ##
     ######    ##  ########  ######   ########  #########  ######  ######
     ##        ##  ##    ##  ##       ##     ## ##     ##       ## ##
     ##       #### ##     ## ######## ########  ##     ##  ######  ########

You're about to initialize a Firebase project in this directory:

  C:\Users\Steve😎\OneDrive\Documents\Personal projects\car rental\car-rental

[info] 
=== Project Setup
[info] 
[info] First, let's associate this project directory with a Firebase project.
[info] You can create multiple project aliases by running firebase use --add, 
[info] but for now we'll just set up a default project.
[info] 
[debug] [2025-04-24T01:46:28.900Z] Checked if tokens are valid: true, expires at: 1745462579802
[debug] [2025-04-24T01:46:28.901Z] Checked if tokens are valid: true, expires at: 1745462579802
[debug] [2025-04-24T01:46:28.903Z] >>> [apiv2][query] GET https://firebase.googleapis.com/v1beta1/projects pageSize=100
[debug] [2025-04-24T01:46:29.715Z] <<< [apiv2][status] GET https://firebase.googleapis.com/v1beta1/projects 200
[debug] [2025-04-24T01:46:29.715Z] <<< [apiv2][body] GET https://firebase.googleapis.com/v1beta1/projects [omitted]
[info] i  Using project carhub-313a0 (CarHub) 
[info] 
=== Hosting Setup
[debug] [2025-04-24T01:46:33.939Z] Checked if tokens are valid: true, expires at: 1745462579802
[debug] [2025-04-24T01:46:33.940Z] Checked if tokens are valid: true, expires at: 1745462579802
[debug] [2025-04-24T01:46:33.940Z] >>> [apiv2][query] GET https://firebase.googleapis.com/v1beta1/projects/carhub-313a0 [none]
[debug] [2025-04-24T01:46:34.313Z] <<< [apiv2][status] GET https://firebase.googleapis.com/v1beta1/projects/carhub-313a0 200
[debug] [2025-04-24T01:46:34.314Z] <<< [apiv2][body] GET https://firebase.googleapis.com/v1beta1/projects/carhub-313a0 {"projectId":"carhub-313a0","projectNumber":"1063894846964","displayName":"CarHub","name":"projects/carhub-313a0","resources":{"hostingSite":"carhub-313a0"},"state":"ACTIVE","etag":"1_270e82a4-e7c5-493e-a602-905e48402158"}
[info] 
[info] Your public directory is the folder (relative to your project directory) that
[info] will contain Hosting assets to be uploaded with firebase deploy. If you
[info] have a build process for your assets, use your build's output directory.
[info] 
[info] +  Wrote build/404.html 
[debug] [2025-04-24T01:47:35.528Z] >>> [apiv2][query] GET https://www.gstatic.com/firebasejs/releases.json [none]
[debug] [2025-04-24T01:47:35.855Z] <<< [apiv2][status] GET https://www.gstatic.com/firebasejs/releases.json 200
[debug] [2025-04-24T01:47:35.856Z] <<< [apiv2][body] GET https://www.gstatic.com/firebasejs/releases.json {"current":{"version":"11.6.0","browserURL":"https://www.gstatic.com/firebasejs/11.6.0/firebase.js","packageURL":"https://www.gstatic.com/firebasejs/11.6.0/firebase.tgz"},"live":{"version":"11.6","browserURL":"https://www.gstatic.com/firebasejs/live/11.6/firebase.js","packageURL":"https://www.gstatic.com/firebasejs/live/11.6/firebase.tgz"},"components":{"analytics":"https://www.gstatic.com/firebasejs/11.6.0/firebase-analytics.js","app":"https://www.gstatic.com/firebasejs/11.6.0/firebase-app.js","app-check":"https://www.gstatic.com/firebasejs/11.6.0/firebase-app-check.js","auth":"https://www.gstatic.com/firebasejs/11.6.0/firebase-auth.js","auth/cordova":"https://www.gstatic.com/firebasejs/11.6.0/firebase-auth/cordova.js","auth/web-extension":"https://www.gstatic.com/firebasejs/11.6.0/firebase-auth/web-extension.js","functions":"https://www.gstatic.com/firebasejs/11.6.0/firebase-functions.js","firestore":"https://www.gstatic.com/firebasejs/11.6.0/firebase-firestore.js","firestore/lite":"https://www.gstatic.com/firebasejs/11.6.0/firebase-firestore/lite.js","installations":"https://www.gstatic.com/firebasejs/11.6.0/firebase-installations.js","storage":"https://www.gstatic.com/firebasejs/11.6.0/firebase-storage.js","performance":"https://www.gstatic.com/firebasejs/11.6.0/firebase-performance.js","remote-config":"https://www.gstatic.com/firebasejs/11.6.0/firebase-remote-config.js","messaging":"https://www.gstatic.com/firebasejs/11.6.0/firebase-messaging.js","messaging/sw":"https://www.gstatic.com/firebasejs/11.6.0/firebase-messaging/sw.js","database":"https://www.gstatic.com/firebasejs/11.6.0/firebase-database.js","vertexai":"https://www.gstatic.com/firebasejs/11.6.0/firebase-vertexai.js","data-connect":"https://www.gstatic.com/firebasejs/11.6.0/firebase-data-connect.js","firestore.memory":"https://www.gstatic.com/firebasejs/11.6.0/firebase-firestore.memory.js"}}
[info] i  Skipping write of build/index.html 
[info] 
[info] i  Detected a .git folder at C:\Users\Steve😎\OneDrive\Documents\Personal projects\car rental\car-rental 
[info] i  Authorizing with GitHub to upload your service account to a GitHub repository's secrets store. 
[info] 
[info] Visit this URL on this device to log in:
[info] https://github.com/login/oauth/authorize?client_id=89cf50f02ac6aaed3484&state=323256201&redirect_uri=http%3A%2F%2Flocalhost%3A9005&scope=read%3Auser%20repo%20public_repo
[info] 
[info] Waiting for authentication...
[debug] [2025-04-24T01:48:20.014Z] >>> [apiv2][query] POST https://github.com/login/oauth/access_token [none]
[debug] [2025-04-24T01:48:20.014Z] >>> [apiv2][body] POST https://github.com/login/oauth/access_token [stream]
[debug] [2025-04-24T01:48:20.685Z] <<< [apiv2][status] POST https://github.com/login/oauth/access_token 200
[debug] [2025-04-24T01:48:20.686Z] <<< [apiv2][body] POST https://github.com/login/oauth/access_token {"access_token":"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","token_type":"bearer","scope":"read:user,repo"}
[debug] [2025-04-24T01:48:20.699Z] >>> [apiv2][query] GET https://api.github.com/user [none]
[debug] [2025-04-24T01:48:21.420Z] <<< [apiv2][status] GET https://api.github.com/user 200
[debug] [2025-04-24T01:48:21.421Z] <<< [apiv2][body] GET https://api.github.com/user {"login":"steverosky","id":58660294,"node_id":"MDQ6VXNlcjU4NjYwMjk0","avatar_url":"https://avatars.githubusercontent.com/u/58660294?v=4","gravatar_id":"","url":"https://api.github.com/users/steverosky","html_url":"https://github.com/steverosky","followers_url":"https://api.github.com/users/steverosky/followers","following_url":"https://api.github.com/users/steverosky/following{/other_user}","gists_url":"https://api.github.com/users/steverosky/gists{/gist_id}","starred_url":"https://api.github.com/users/steverosky/starred{/owner}{/repo}","subscriptions_url":"https://api.github.com/users/steverosky/subscriptions","organizations_url":"https://api.github.com/users/steverosky/orgs","repos_url":"https://api.github.com/users/steverosky/repos","events_url":"https://api.github.com/users/steverosky/events{/privacy}","received_events_url":"https://api.github.com/users/steverosky/received_events","type":"User","user_view_type":"private","site_admin":false,"name":"Stephen Ofori ","company":null,"blog":"","location":null,"email":null,"hireable":null,"bio":"ASP.NET & C# developer, AWS ....\r\nBackend developer","twitter_username":"steve_rosky","notification_email":null,"public_repos":15,"public_gists":0,"followers":23,"following":48,"created_at":"2019-12-08T14:30:39Z","updated_at":"2025-02-10T00:31:48Z","private_gists":0,"total_private_repos":8,"owned_private_repos":7,"disk_usage":114077,"collaborators":1,"two_factor_authentication":true,"plan":{"name":"free","space":976562499,"collaborators":0,"private_repos":10000}}
[info] 
[info] +  Success! Logged into GitHub as steverosky 
[info] 
